2023-04-29 10:10:56,954 : WARN  : main :  : Node : CSV Reader : 3:1 : Please specify a file
2023-04-29 10:23:12,435 : ERROR : KNIME-Worker-7-Category To Number 3:4 :  : Node : Category To Number : 3:4 : Execute failed: Maximum number of categories reached for column: Surname (to number)
java.lang.IllegalStateException: Maximum number of categories reached for column: Surname (to number)
	at org.knime.base.node.preproc.colconvert.categorytonumber2.CategoryToNumberCellFactory.getCells(CategoryToNumberCellFactory.java:118)
	at org.knime.core.data.container.RearrangeColumnsTable.calcNewCellsForRow(RearrangeColumnsTable.java:575)
	at org.knime.core.data.container.RearrangeColumnsTable.calcNewColsSynchronously(RearrangeColumnsTable.java:495)
	at org.knime.core.data.container.RearrangeColumnsTable.create(RearrangeColumnsTable.java:412)
	at org.knime.core.data.container.BufferedTableBackend.rearrange(BufferedTableBackend.java:153)
	at org.knime.core.node.ExecutionContext.createColumnRearrangeTable(ExecutionContext.java:432)
	at org.knime.base.node.preproc.colconvert.categorytonumber2.CategoryToNumberNodeModel.execute(CategoryToNumberNodeModel.java:161)
	at org.knime.core.node.NodeModel.executeModel(NodeModel.java:549)
	at org.knime.core.node.Node.invokeFullyNodeModelExecute(Node.java:1267)
	at org.knime.core.node.Node.execute(Node.java:1041)
	at org.knime.core.node.workflow.NativeNodeContainer.performExecuteNode(NativeNodeContainer.java:595)
	at org.knime.core.node.exec.LocalNodeExecutionJob.mainExecute(LocalNodeExecutionJob.java:98)
	at org.knime.core.node.workflow.NodeExecutionJob.internalRun(NodeExecutionJob.java:201)
	at org.knime.core.node.workflow.NodeExecutionJob.run(NodeExecutionJob.java:117)
	at org.knime.core.util.ThreadUtils$RunnableWithContextImpl.runWithContext(ThreadUtils.java:367)
	at org.knime.core.util.ThreadUtils$RunnableWithContext.run(ThreadUtils.java:221)
	at java.base/java.util.concurrent.Executors$RunnableAdapter.call(Unknown Source)
	at java.base/java.util.concurrent.FutureTask.run(Unknown Source)
	at org.knime.core.util.ThreadPool$MyFuture.run(ThreadPool.java:123)
	at org.knime.core.util.ThreadPool$Worker.run(ThreadPool.java:246)
2023-04-29 10:24:12,941 : ERROR : KNIME-Worker-8-Category To Number 3:4 :  : Node : Category To Number : 3:4 : Execute failed: Maximum number of categories reached for column: Surname (to number)
java.lang.IllegalStateException: Maximum number of categories reached for column: Surname (to number)
	at org.knime.base.node.preproc.colconvert.categorytonumber2.CategoryToNumberCellFactory.getCells(CategoryToNumberCellFactory.java:118)
	at org.knime.core.data.container.RearrangeColumnsTable.calcNewCellsForRow(RearrangeColumnsTable.java:575)
	at org.knime.core.data.container.RearrangeColumnsTable.calcNewColsSynchronously(RearrangeColumnsTable.java:495)
	at org.knime.core.data.container.RearrangeColumnsTable.create(RearrangeColumnsTable.java:412)
	at org.knime.core.data.container.BufferedTableBackend.rearrange(BufferedTableBackend.java:153)
	at org.knime.core.node.ExecutionContext.createColumnRearrangeTable(ExecutionContext.java:432)
	at org.knime.base.node.preproc.colconvert.categorytonumber2.CategoryToNumberNodeModel.execute(CategoryToNumberNodeModel.java:161)
	at org.knime.core.node.NodeModel.executeModel(NodeModel.java:549)
	at org.knime.core.node.Node.invokeFullyNodeModelExecute(Node.java:1267)
	at org.knime.core.node.Node.execute(Node.java:1041)
	at org.knime.core.node.workflow.NativeNodeContainer.performExecuteNode(NativeNodeContainer.java:595)
	at org.knime.core.node.exec.LocalNodeExecutionJob.mainExecute(LocalNodeExecutionJob.java:98)
	at org.knime.core.node.workflow.NodeExecutionJob.internalRun(NodeExecutionJob.java:201)
	at org.knime.core.node.workflow.NodeExecutionJob.run(NodeExecutionJob.java:117)
	at org.knime.core.util.ThreadUtils$RunnableWithContextImpl.runWithContext(ThreadUtils.java:367)
	at org.knime.core.util.ThreadUtils$RunnableWithContext.run(ThreadUtils.java:221)
	at java.base/java.util.concurrent.Executors$RunnableAdapter.call(Unknown Source)
	at java.base/java.util.concurrent.FutureTask.run(Unknown Source)
	at org.knime.core.util.ThreadPool$MyFuture.run(ThreadPool.java:123)
	at org.knime.core.util.ThreadPool$Worker.run(ThreadPool.java:246)
2023-04-29 10:24:33,270 : ERROR : KNIME-Worker-6-Category To Number 3:4 :  : Node : Category To Number : 3:4 : Execute failed: Maximum number of categories reached for column: Surname (to number)
java.lang.IllegalStateException: Maximum number of categories reached for column: Surname (to number)
	at org.knime.base.node.preproc.colconvert.categorytonumber2.CategoryToNumberCellFactory.getCells(CategoryToNumberCellFactory.java:118)
	at org.knime.core.data.container.RearrangeColumnsTable.calcNewCellsForRow(RearrangeColumnsTable.java:575)
	at org.knime.core.data.container.RearrangeColumnsTable.calcNewColsSynchronously(RearrangeColumnsTable.java:495)
	at org.knime.core.data.container.RearrangeColumnsTable.create(RearrangeColumnsTable.java:412)
	at org.knime.core.data.container.BufferedTableBackend.rearrange(BufferedTableBackend.java:153)
	at org.knime.core.node.ExecutionContext.createColumnRearrangeTable(ExecutionContext.java:432)
	at org.knime.base.node.preproc.colconvert.categorytonumber2.CategoryToNumberNodeModel.execute(CategoryToNumberNodeModel.java:161)
	at org.knime.core.node.NodeModel.executeModel(NodeModel.java:549)
	at org.knime.core.node.Node.invokeFullyNodeModelExecute(Node.java:1267)
	at org.knime.core.node.Node.execute(Node.java:1041)
	at org.knime.core.node.workflow.NativeNodeContainer.performExecuteNode(NativeNodeContainer.java:595)
	at org.knime.core.node.exec.LocalNodeExecutionJob.mainExecute(LocalNodeExecutionJob.java:98)
	at org.knime.core.node.workflow.NodeExecutionJob.internalRun(NodeExecutionJob.java:201)
	at org.knime.core.node.workflow.NodeExecutionJob.run(NodeExecutionJob.java:117)
	at org.knime.core.util.ThreadUtils$RunnableWithContextImpl.runWithContext(ThreadUtils.java:367)
	at org.knime.core.util.ThreadUtils$RunnableWithContext.run(ThreadUtils.java:221)
	at java.base/java.util.concurrent.Executors$RunnableAdapter.call(Unknown Source)
	at java.base/java.util.concurrent.FutureTask.run(Unknown Source)
	at org.knime.core.util.ThreadPool$MyFuture.run(ThreadPool.java:123)
	at org.knime.core.util.ThreadPool$Worker.run(ThreadPool.java:246)
2023-04-29 10:24:57,576 : ERROR : KNIME-Worker-9-Category To Number 3:4 :  : Node : Category To Number : 3:4 : Execute failed: Maximum number of categories reached for column: Surname (to number)
java.lang.IllegalStateException: Maximum number of categories reached for column: Surname (to number)
	at org.knime.base.node.preproc.colconvert.categorytonumber2.CategoryToNumberCellFactory.getCells(CategoryToNumberCellFactory.java:118)
	at org.knime.core.data.container.RearrangeColumnsTable.calcNewCellsForRow(RearrangeColumnsTable.java:575)
	at org.knime.core.data.container.RearrangeColumnsTable.calcNewColsSynchronously(RearrangeColumnsTable.java:495)
	at org.knime.core.data.container.RearrangeColumnsTable.create(RearrangeColumnsTable.java:412)
	at org.knime.core.data.container.BufferedTableBackend.rearrange(BufferedTableBackend.java:153)
	at org.knime.core.node.ExecutionContext.createColumnRearrangeTable(ExecutionContext.java:432)
	at org.knime.base.node.preproc.colconvert.categorytonumber2.CategoryToNumberNodeModel.execute(CategoryToNumberNodeModel.java:161)
	at org.knime.core.node.NodeModel.executeModel(NodeModel.java:549)
	at org.knime.core.node.Node.invokeFullyNodeModelExecute(Node.java:1267)
	at org.knime.core.node.Node.execute(Node.java:1041)
	at org.knime.core.node.workflow.NativeNodeContainer.performExecuteNode(NativeNodeContainer.java:595)
	at org.knime.core.node.exec.LocalNodeExecutionJob.mainExecute(LocalNodeExecutionJob.java:98)
	at org.knime.core.node.workflow.NodeExecutionJob.internalRun(NodeExecutionJob.java:201)
	at org.knime.core.node.workflow.NodeExecutionJob.run(NodeExecutionJob.java:117)
	at org.knime.core.util.ThreadUtils$RunnableWithContextImpl.runWithContext(ThreadUtils.java:367)
	at org.knime.core.util.ThreadUtils$RunnableWithContext.run(ThreadUtils.java:221)
	at java.base/java.util.concurrent.Executors$RunnableAdapter.call(Unknown Source)
	at java.base/java.util.concurrent.FutureTask.run(Unknown Source)
	at org.knime.core.util.ThreadPool$MyFuture.run(ThreadPool.java:123)
	at org.knime.core.util.ThreadPool$Worker.run(ThreadPool.java:246)
2023-04-29 10:30:19,799 : WARN  : main :  : Node : Linear Correlation : 3:7 : Auto configuration: Using all suitable columns (in total 13)
2023-04-29 10:32:39,814 : WARN  : main :  : Node : Partitioning : 3:8 : No sampling method selected
2023-04-29 10:34:04,238 : WARN  : main :  : Node : Random Forest Learner : 3:9 : No configuration available
2023-04-29 10:34:37,854 : WARN  : main :  : Node : Tree Ensemble Learner : 3:9 : No configuration available
2023-04-29 10:43:01,063 : WARN  : main :  : Node : Partitioning : 3:9 : No sampling method selected
2023-04-29 10:43:31,710 : WARN  : main :  : Node : Random Forest Learner : 3:10 : No configuration available
2023-04-29 10:46:51,886 : WARN  : main :  : Node : Scorer : 3:11 : No columns selected yet.
2023-04-29 10:49:14,374 : WARN  : main :  : Node : Scorer : 3:13 : No columns selected yet.
2023-04-29 10:50:48,519 : WARN  : main :  : Node : Scorer : 3:13 : No columns selected yet.
2023-04-29 10:50:49,306 : WARN  : main :  : Node : Scorer : 3:13 : No columns selected yet.
2023-04-29 10:50:55,215 : WARN  : KNIME-Worker-74-Random Forest Predictor 3:12 :  : Node : Scorer : 3:13 : No columns selected yet.
2023-04-29 10:54:27,887 : WARN  : main :  : Node : Scorer : 3:13 : No columns selected yet.
2023-04-29 10:54:31,738 : WARN  : KNIME-Worker-91-Number To String 3:8 :  : Node : Scorer : 3:13 : No columns selected yet.
2023-04-29 10:55:10,903 : WARN  : main :  : Node : Scorer : 3:13 : No columns selected yet.
2023-04-29 10:55:24,437 : WARN  : KNIME-Worker-91-Random Forest Predictor 3:12 :  : Node : Scorer : 3:13 : No columns selected yet.
2023-04-29 10:59:34,453 : WARN  : main :  : Node : Scorer : 3:13 : No columns selected yet.
2023-04-29 10:59:35,838 : WARN  : main :  : Node : Scorer : 3:13 : No columns selected yet.
2023-04-29 11:12:32,646 : WARN  : main :  : Node : Decision Tree Learner : 3:16 : Guessing target column: "Exited".
